[debug] [2025-05-23T11:43:21.144Z] ----------------------------------------------------------------------
[debug] [2025-05-23T11:43:21.148Z] Command:       C:\Program Files\nodejs\node.exe C:\Users\acer\AppData\Roaming\npm\node_modules\firebase-tools\lib\bin\firebase.js init
[debug] [2025-05-23T11:43:21.148Z] CLI Version:   14.4.0
[debug] [2025-05-23T11:43:21.149Z] Platform:      win32
[debug] [2025-05-23T11:43:21.149Z] Node Version:  v22.11.0
[debug] [2025-05-23T11:43:21.149Z] Time:          Fri May 23 2025 17:13:21 GMT+0530 (India Standard Time)
[debug] [2025-05-23T11:43:21.149Z] ----------------------------------------------------------------------
[debug] 
[debug] [2025-05-23T11:43:21.151Z] >>> [apiv2][query] GET https://firebase-public.firebaseio.com/cli.json [none]
[debug] [2025-05-23T11:43:21.232Z] > command requires scopes: ["email","openid","https://www.googleapis.com/auth/cloudplatformprojects.readonly","https://www.googleapis.com/auth/firebase","https://www.googleapis.com/auth/cloud-platform"]
[debug] [2025-05-23T11:43:21.233Z] > authorizing via signed-in user (bharadwaj.21122001@gmail.com)
[info] 
     ######## #### ########  ######## ########     ###     ######  ########
     ##        ##  ##     ## ##       ##     ##  ##   ##  ##       ##
     ######    ##  ########  ######   ########  #########  ######  ######
     ##        ##  ##    ##  ##       ##     ## ##     ##       ## ##
     ##       #### ##     ## ######## ########  ##     ##  ######  ########

You're about to initialize a Firebase project in this directory:

  C:\Users\acer\OneDrive\Documents\OneDrive\Desktop\editorvideo

[debug] [2025-05-23T11:43:22.010Z] <<< [apiv2][status] GET https://firebase-public.firebaseio.com/cli.json 200
[debug] [2025-05-23T11:43:22.011Z] <<< [apiv2][body] GET https://firebase-public.firebaseio.com/cli.json {"cloudBuildErrorAfter":1594252800000,"cloudBuildWarnAfter":1590019200000,"defaultNode10After":1594252800000,"minVersion":"3.0.5","node8DeploysDisabledAfter":1613390400000,"node8RuntimeDisabledAfter":1615809600000,"node8WarnAfter":1600128000000}
